{"name": "test_delete_saved_search", "status": "broken", "statusDetails": {"message": "selenium.common.exceptions.NoSuchElementException: Message: no such element: Unable to locate element: {\"method\":\"xpath\",\"selector\":\"//input[@name=\"save-search-select-all\"]\"}\n  (Session info: chrome=127.0.6533.73); For documentation on this error, please visit: https://www.selenium.dev/documentation/webdriver/troubleshooting/errors#no-such-element-exception\nStacktrace:\n\tGetHandleVerifier [0x0029F653+11395]\n\t(No symbol) [0x0027B7A4]\n\t(No symbol) [0x001C1A43]\n\t(No symbol) [0x002056C8]\n\t(No symbol) [0x002058AB]\n\t(No symbol) [0x002426A2]\n\t(No symbol) [0x002271E4]\n\t(No symbol) [0x002403DC]\n\t(No symbol) [0x00226F36]\n\t(No symbol) [0x001FA276]\n\t(No symbol) [0x001FAECD]\n\tGetHandleVerifier [0x003A2403+1071667]\n\tGetHandleVerifier [0x003AC9C4+1114100]\n\tGetHandleVerifier [0x003A54B2+1084130]\n\tGetHandleVerifier [0x002C013B+145259]\n\t(No symbol) [0x00281693]\n\t(No symbol) [0x0027EFB8]\n\t(No symbol) [0x0027F157]\n\t(No symbol) [0x0027842E]\n\tBaseThreadInitThunk [0x75657BA9+25]\n\tRtlInitializeExceptionChain [0x770BC10B+107]\n\tRtlClearBits [0x770BC08F+191]", "trace": "self = <test.save_search_test.LibraryTest testMethod=test_delete_saved_search>\n\n    def test_delete_saved_search(self):\n        \"\"\" This test deletes a saved search from the \"Saved Searches\" page\"\"\"\n        logging.info(\"Test test_delete_saved_search STARTED\")\n        self.base_page_app.navigate_to_saved_searches_flow()\n        # Act\n>       self.saved_searches_page.click_saved_searches_checkbox()\n\ntest\\save_search_test.py:54: \n_ _ _ _ _ _ _ _ _ _ _ _ _ _ _ _ _ _ _ _ _ _ _ _ _ _ _ _ _ _ _ _ _ _ _ _ _ _ _ _ _ _ _ _ _ _ _ _ _ _ _ _ _ _ _ _ _ _ _ _ _ _ _ _ _ _ _ _ _ _ _ _ _ _ _ _ _ _ _ _\nlogic\\saved_searches_page.py:60: in click_saved_searches_checkbox\n    self._driver.find_element(By.XPATH, self.SAVED_SEARCHES_CHECKBOX).click()\n..\\..\\Final Project Part1\\lib\\site-packages\\selenium\\webdriver\\remote\\webdriver.py:748: in find_element\n    return self.execute(Command.FIND_ELEMENT, {\"using\": by, \"value\": value})[\"value\"]\n..\\..\\Final Project Part1\\lib\\site-packages\\selenium\\webdriver\\remote\\webdriver.py:354: in execute\n    self.error_handler.check_response(response)\n_ _ _ _ _ _ _ _ _ _ _ _ _ _ _ _ _ _ _ _ _ _ _ _ _ _ _ _ _ _ _ _ _ _ _ _ _ _ _ _ _ _ _ _ _ _ _ _ _ _ _ _ _ _ _ _ _ _ _ _ _ _ _ _ _ _ _ _ _ _ _ _ _ _ _ _ _ _ _ _\n\nself = <selenium.webdriver.remote.errorhandler.ErrorHandler object at 0x0000024E76B94370>\nresponse = {'status': 404, 'value': '{\"value\":{\"error\":\"no such element\",\"message\":\"no such element: Unable to locate element: {\\...dInitThunk [0x75657BA9+25]\\\\n\\\\tRtlInitializeExceptionChain [0x770BC10B+107]\\\\n\\\\tRtlClearBits [0x770BC08F+191]\\\\n\"}}'}\n\n    def check_response(self, response: Dict[str, Any]) -> None:\n        \"\"\"Checks that a JSON response from the WebDriver does not have an\n        error.\n    \n        :Args:\n         - response - The JSON response from the WebDriver server as a dictionary\n           object.\n    \n        :Raises: If the response contains an error message.\n        \"\"\"\n        status = response.get(\"status\", None)\n        if not status or status == ErrorCode.SUCCESS:\n            return\n        value = None\n        message = response.get(\"message\", \"\")\n        screen: str = response.get(\"screen\", \"\")\n        stacktrace = None\n        if isinstance(status, int):\n            value_json = response.get(\"value\", None)\n            if value_json and isinstance(value_json, str):\n                import json\n    \n                try:\n                    value = json.loads(value_json)\n                    if len(value) == 1:\n                        value = value[\"value\"]\n                    status = value.get(\"error\", None)\n                    if not status:\n                        status = value.get(\"status\", ErrorCode.UNKNOWN_ERROR)\n                        message = value.get(\"value\") or value.get(\"message\")\n                        if not isinstance(message, str):\n                            value = message\n                            message = message.get(\"message\")\n                    else:\n                        message = value.get(\"message\", None)\n                except ValueError:\n                    pass\n    \n        exception_class: Type[WebDriverException]\n        e = ErrorCode()\n        error_codes = [item for item in dir(e) if not item.startswith(\"__\")]\n        for error_code in error_codes:\n            error_info = getattr(ErrorCode, error_code)\n            if isinstance(error_info, list) and status in error_info:\n                exception_class = getattr(ExceptionMapping, error_code, WebDriverException)\n                break\n        else:\n            exception_class = WebDriverException\n    \n        if not value:\n            value = response[\"value\"]\n        if isinstance(value, str):\n            raise exception_class(value)\n        if message == \"\" and \"message\" in value:\n            message = value[\"message\"]\n    \n        screen = None  # type: ignore[assignment]\n        if \"screen\" in value:\n            screen = value[\"screen\"]\n    \n        stacktrace = None\n        st_value = value.get(\"stackTrace\") or value.get(\"stacktrace\")\n        if st_value:\n            if isinstance(st_value, str):\n                stacktrace = st_value.split(\"\\n\")\n            else:\n                stacktrace = []\n                try:\n                    for frame in st_value:\n                        line = frame.get(\"lineNumber\", \"\")\n                        file = frame.get(\"fileName\", \"<anonymous>\")\n                        if line:\n                            file = f\"{file}:{line}\"\n                        meth = frame.get(\"methodName\", \"<anonymous>\")\n                        if \"className\" in frame:\n                            meth = f\"{frame['className']}.{meth}\"\n                        msg = \"    at %s (%s)\"\n                        msg = msg % (meth, file)\n                        stacktrace.append(msg)\n                except TypeError:\n                    pass\n        if exception_class == UnexpectedAlertPresentException:\n            alert_text = None\n            if \"data\" in value:\n                alert_text = value[\"data\"].get(\"text\")\n            elif \"alert\" in value:\n                alert_text = value[\"alert\"].get(\"text\")\n            raise exception_class(message, screen, stacktrace, alert_text)  # type: ignore[call-arg]  # mypy is not smart enough here\n>       raise exception_class(message, screen, stacktrace)\nE       selenium.common.exceptions.NoSuchElementException: Message: no such element: Unable to locate element: {\"method\":\"xpath\",\"selector\":\"//input[@name=\"save-search-select-all\"]\"}\nE         (Session info: chrome=127.0.6533.73); For documentation on this error, please visit: https://www.selenium.dev/documentation/webdriver/troubleshooting/errors#no-such-element-exception\nE       Stacktrace:\nE       \tGetHandleVerifier [0x0029F653+11395]\nE       \t(No symbol) [0x0027B7A4]\nE       \t(No symbol) [0x001C1A43]\nE       \t(No symbol) [0x002056C8]\nE       \t(No symbol) [0x002058AB]\nE       \t(No symbol) [0x002426A2]\nE       \t(No symbol) [0x002271E4]\nE       \t(No symbol) [0x002403DC]\nE       \t(No symbol) [0x00226F36]\nE       \t(No symbol) [0x001FA276]\nE       \t(No symbol) [0x001FAECD]\nE       \tGetHandleVerifier [0x003A2403+1071667]\nE       \tGetHandleVerifier [0x003AC9C4+1114100]\nE       \tGetHandleVerifier [0x003A54B2+1084130]\nE       \tGetHandleVerifier [0x002C013B+145259]\nE       \t(No symbol) [0x00281693]\nE       \t(No symbol) [0x0027EFB8]\nE       \t(No symbol) [0x0027F157]\nE       \t(No symbol) [0x0027842E]\nE       \tBaseThreadInitThunk [0x75657BA9+25]\nE       \tRtlInitializeExceptionChain [0x770BC10B+107]\nE       \tRtlClearBits [0x770BC08F+191]\n\n..\\..\\Final Project Part1\\lib\\site-packages\\selenium\\webdriver\\remote\\errorhandler.py:229: NoSuchElementException"}, "description": " This test deletes a saved search from the \"Saved Searches\" page", "attachments": [{"name": "log", "source": "52c77493-573c-4ada-bc49-1ab7d39a33c1-attachment.txt", "type": "text/plain"}, {"name": "stdout", "source": "a6cbc64f-d589-472f-a03d-ce3b0adc1557-attachment.txt", "type": "text/plain"}], "start": 1722105942165, "stop": 1722105967825, "uuid": "21888ac8-604b-4992-bcd8-4071b155f7b5", "historyId": "907e5f95997f43075f43a404a4af6743", "testCaseId": "907e5f95997f43075f43a404a4af6743", "fullName": "test.save_search_test.LibraryTest#test_delete_saved_search", "labels": [{"name": "parentSuite", "value": "test"}, {"name": "suite", "value": "save_search_test"}, {"name": "subSuite", "value": "LibraryTest"}, {"name": "host", "value": "MajdHassoun"}, {"name": "thread", "value": "2968-MainThread"}, {"name": "framework", "value": "pytest"}, {"name": "language", "value": "cpython3"}, {"name": "package", "value": "test.save_search_test"}]}